<?xml version="1.0" encoding="UTF-8"?>
<!-- Generated by org.testng.reporters.JUnitReportReporter -->
<testsuite hostname="Ariyan" failures="0" tests="2" name="com.prexo.tests.Testcases" time="37.456" errors="0" timestamp="2024-09-05T01:40:40 IST" skipped="0">
  <testcase classname="com.prexo.tests.Testcases" name="verifyChrome" time="15.265"/>
  <system-out/>
  <testcase classname="com.prexo.tests.Testcases" name="verifyFireFox" time="22.191"/>
  <system-out/>
</testsuite> <!-- com.prexo.tests.Testcases -->
